<?xml version="1.0" encoding="UTF-8"?>
<testsuite xmlns:xsi="http://www.w3.org/2001/XMLSchema-instance" xsi:noNamespaceSchemaLocation="https://maven.apache.org/surefire/maven-surefire-plugin/xsd/surefire-test-report.xsd" name="com.paytm.sample.SampleApplicationTests" time="0.046" tests="3" errors="3" skipped="0" failures="0">
  <properties>
    <property name="sun.desktop" value="gnome"/>
    <property name="awt.toolkit" value="sun.awt.X11.XToolkit"/>
    <property name="file.encoding.pkg" value="sun.io"/>
    <property name="java.specification.version" value="1.8"/>
    <property name="sun.cpu.isalist" value=""/>
    <property name="sun.jnu.encoding" value="UTF-8"/>
    <property name="java.class.path" value="/home/kanpuriyaraheja/IdeaProjects/employeeManagement/target/test-classes:/home/kanpuriyaraheja/IdeaProjects/employeeManagement/target/classes:/home/kanpuriyaraheja/.m2/repository/org/springframework/boot/spring-boot-starter-web/2.1.3.RELEASE/spring-boot-starter-web-2.1.3.RELEASE.jar:/home/kanpuriyaraheja/.m2/repository/org/springframework/boot/spring-boot-starter/2.1.3.RELEASE/spring-boot-starter-2.1.3.RELEASE.jar:/home/kanpuriyaraheja/.m2/repository/org/springframework/boot/spring-boot/2.1.3.RELEASE/spring-boot-2.1.3.RELEASE.jar:/home/kanpuriyaraheja/.m2/repository/org/springframework/boot/spring-boot-autoconfigure/2.1.3.RELEASE/spring-boot-autoconfigure-2.1.3.RELEASE.jar:/home/kanpuriyaraheja/.m2/repository/org/springframework/boot/spring-boot-starter-logging/2.1.3.RELEASE/spring-boot-starter-logging-2.1.3.RELEASE.jar:/home/kanpuriyaraheja/.m2/repository/ch/qos/logback/logback-classic/1.2.3/logback-classic-1.2.3.jar:/home/kanpuriyaraheja/.m2/repository/ch/qos/logback/logback-core/1.2.3/logback-core-1.2.3.jar:/home/kanpuriyaraheja/.m2/repository/org/apache/logging/log4j/log4j-to-slf4j/2.11.2/log4j-to-slf4j-2.11.2.jar:/home/kanpuriyaraheja/.m2/repository/org/apache/logging/log4j/log4j-api/2.11.2/log4j-api-2.11.2.jar:/home/kanpuriyaraheja/.m2/repository/org/slf4j/jul-to-slf4j/1.7.25/jul-to-slf4j-1.7.25.jar:/home/kanpuriyaraheja/.m2/repository/javax/annotation/javax.annotation-api/1.3.2/javax.annotation-api-1.3.2.jar:/home/kanpuriyaraheja/.m2/repository/org/yaml/snakeyaml/1.23/snakeyaml-1.23.jar:/home/kanpuriyaraheja/.m2/repository/org/springframework/boot/spring-boot-starter-json/2.1.3.RELEASE/spring-boot-starter-json-2.1.3.RELEASE.jar:/home/kanpuriyaraheja/.m2/repository/com/fasterxml/jackson/core/jackson-databind/2.9.8/jackson-databind-2.9.8.jar:/home/kanpuriyaraheja/.m2/repository/com/fasterxml/jackson/core/jackson-annotations/2.9.0/jackson-annotations-2.9.0.jar:/home/kanpuriyaraheja/.m2/repository/com/fasterxml/jackson/core/jackson-core/2.9.8/jackson-core-2.9.8.jar:/home/kanpuriyaraheja/.m2/repository/com/fasterxml/jackson/datatype/jackson-datatype-jdk8/2.9.8/jackson-datatype-jdk8-2.9.8.jar:/home/kanpuriyaraheja/.m2/repository/com/fasterxml/jackson/datatype/jackson-datatype-jsr310/2.9.8/jackson-datatype-jsr310-2.9.8.jar:/home/kanpuriyaraheja/.m2/repository/com/fasterxml/jackson/module/jackson-module-parameter-names/2.9.8/jackson-module-parameter-names-2.9.8.jar:/home/kanpuriyaraheja/.m2/repository/org/springframework/boot/spring-boot-starter-tomcat/2.1.3.RELEASE/spring-boot-starter-tomcat-2.1.3.RELEASE.jar:/home/kanpuriyaraheja/.m2/repository/org/apache/tomcat/embed/tomcat-embed-core/9.0.16/tomcat-embed-core-9.0.16.jar:/home/kanpuriyaraheja/.m2/repository/org/apache/tomcat/embed/tomcat-embed-el/9.0.16/tomcat-embed-el-9.0.16.jar:/home/kanpuriyaraheja/.m2/repository/org/apache/tomcat/embed/tomcat-embed-websocket/9.0.16/tomcat-embed-websocket-9.0.16.jar:/home/kanpuriyaraheja/.m2/repository/org/hibernate/validator/hibernate-validator/6.0.14.Final/hibernate-validator-6.0.14.Final.jar:/home/kanpuriyaraheja/.m2/repository/javax/validation/validation-api/2.0.1.Final/validation-api-2.0.1.Final.jar:/home/kanpuriyaraheja/.m2/repository/org/jboss/logging/jboss-logging/3.3.2.Final/jboss-logging-3.3.2.Final.jar:/home/kanpuriyaraheja/.m2/repository/com/fasterxml/classmate/1.4.0/classmate-1.4.0.jar:/home/kanpuriyaraheja/.m2/repository/org/springframework/spring-web/5.1.5.RELEASE/spring-web-5.1.5.RELEASE.jar:/home/kanpuriyaraheja/.m2/repository/org/springframework/spring-beans/5.1.5.RELEASE/spring-beans-5.1.5.RELEASE.jar:/home/kanpuriyaraheja/.m2/repository/org/springframework/spring-webmvc/5.1.5.RELEASE/spring-webmvc-5.1.5.RELEASE.jar:/home/kanpuriyaraheja/.m2/repository/org/springframework/spring-aop/5.1.5.RELEASE/spring-aop-5.1.5.RELEASE.jar:/home/kanpuriyaraheja/.m2/repository/org/springframework/spring-context/5.1.5.RELEASE/spring-context-5.1.5.RELEASE.jar:/home/kanpuriyaraheja/.m2/repository/org/springframework/spring-expression/5.1.5.RELEASE/spring-expression-5.1.5.RELEASE.jar:/home/kanpuriyaraheja/.m2/repository/io/github/resilience4j/resilience4j-spring-boot2/0.13.0/resilience4j-spring-boot2-0.13.0.jar:/home/kanpuriyaraheja/.m2/repository/io/vavr/vavr/0.9.2/vavr-0.9.2.jar:/home/kanpuriyaraheja/.m2/repository/io/vavr/vavr-match/0.9.2/vavr-match-0.9.2.jar:/home/kanpuriyaraheja/.m2/repository/org/slf4j/slf4j-api/1.7.25/slf4j-api-1.7.25.jar:/home/kanpuriyaraheja/.m2/repository/org/springframework/boot/spring-boot-starter-aop/2.1.3.RELEASE/spring-boot-starter-aop-2.1.3.RELEASE.jar:/home/kanpuriyaraheja/.m2/repository/org/aspectj/aspectjweaver/1.9.2/aspectjweaver-1.9.2.jar:/home/kanpuriyaraheja/.m2/repository/io/github/resilience4j/resilience4j-annotations/0.13.0/resilience4j-annotations-0.13.0.jar:/home/kanpuriyaraheja/.m2/repository/io/github/resilience4j/resilience4j-spring/0.13.0/resilience4j-spring-0.13.0.jar:/home/kanpuriyaraheja/.m2/repository/org/aspectj/aspectjrt/1.9.2/aspectjrt-1.9.2.jar:/home/kanpuriyaraheja/.m2/repository/io/github/resilience4j/resilience4j-micrometer/0.13.0/resilience4j-micrometer-0.13.0.jar:/home/kanpuriyaraheja/.m2/repository/io/github/resilience4j/resilience4j-ratelimiter/0.13.0/resilience4j-ratelimiter-0.13.0.jar:/home/kanpuriyaraheja/.m2/repository/io/github/resilience4j/resilience4j-consumer/0.13.0/resilience4j-consumer-0.13.0.jar:/home/kanpuriyaraheja/.m2/repository/io/github/resilience4j/resilience4j-circularbuffer/0.13.0/resilience4j-circularbuffer-0.13.0.jar:/home/kanpuriyaraheja/.m2/repository/io/github/resilience4j/resilience4j-circuitbreaker/0.13.0/resilience4j-circuitbreaker-0.13.0.jar:/home/kanpuriyaraheja/.m2/repository/io/github/resilience4j/resilience4j-core/0.13.0/resilience4j-core-0.13.0.jar:/home/kanpuriyaraheja/.m2/repository/org/springframework/boot/spring-boot-starter-actuator/2.1.3.RELEASE/spring-boot-starter-actuator-2.1.3.RELEASE.jar:/home/kanpuriyaraheja/.m2/repository/org/springframework/boot/spring-boot-actuator-autoconfigure/2.1.3.RELEASE/spring-boot-actuator-autoconfigure-2.1.3.RELEASE.jar:/home/kanpuriyaraheja/.m2/repository/org/springframework/boot/spring-boot-actuator/2.1.3.RELEASE/spring-boot-actuator-2.1.3.RELEASE.jar:/home/kanpuriyaraheja/.m2/repository/io/micrometer/micrometer-core/1.1.3/micrometer-core-1.1.3.jar:/home/kanpuriyaraheja/.m2/repository/org/hdrhistogram/HdrHistogram/2.1.9/HdrHistogram-2.1.9.jar:/home/kanpuriyaraheja/.m2/repository/org/latencyutils/LatencyUtils/2.0.3/LatencyUtils-2.0.3.jar:/home/kanpuriyaraheja/.m2/repository/org/springframework/boot/spring-boot-starter-test/2.1.3.RELEASE/spring-boot-starter-test-2.1.3.RELEASE.jar:/home/kanpuriyaraheja/.m2/repository/org/springframework/boot/spring-boot-test/2.1.3.RELEASE/spring-boot-test-2.1.3.RELEASE.jar:/home/kanpuriyaraheja/.m2/repository/org/springframework/boot/spring-boot-test-autoconfigure/2.1.3.RELEASE/spring-boot-test-autoconfigure-2.1.3.RELEASE.jar:/home/kanpuriyaraheja/.m2/repository/com/jayway/jsonpath/json-path/2.4.0/json-path-2.4.0.jar:/home/kanpuriyaraheja/.m2/repository/net/minidev/json-smart/2.3/json-smart-2.3.jar:/home/kanpuriyaraheja/.m2/repository/net/minidev/accessors-smart/1.2/accessors-smart-1.2.jar:/home/kanpuriyaraheja/.m2/repository/org/ow2/asm/asm/5.0.4/asm-5.0.4.jar:/home/kanpuriyaraheja/.m2/repository/junit/junit/4.12/junit-4.12.jar:/home/kanpuriyaraheja/.m2/repository/org/assertj/assertj-core/3.11.1/assertj-core-3.11.1.jar:/home/kanpuriyaraheja/.m2/repository/org/mockito/mockito-core/2.23.4/mockito-core-2.23.4.jar:/home/kanpuriyaraheja/.m2/repository/net/bytebuddy/byte-buddy/1.9.10/byte-buddy-1.9.10.jar:/home/kanpuriyaraheja/.m2/repository/net/bytebuddy/byte-buddy-agent/1.9.10/byte-buddy-agent-1.9.10.jar:/home/kanpuriyaraheja/.m2/repository/org/objenesis/objenesis/2.6/objenesis-2.6.jar:/home/kanpuriyaraheja/.m2/repository/org/hamcrest/hamcrest-core/1.3/hamcrest-core-1.3.jar:/home/kanpuriyaraheja/.m2/repository/org/hamcrest/hamcrest-library/1.3/hamcrest-library-1.3.jar:/home/kanpuriyaraheja/.m2/repository/org/skyscreamer/jsonassert/1.5.0/jsonassert-1.5.0.jar:/home/kanpuriyaraheja/.m2/repository/com/vaadin/external/google/android-json/0.0.20131108.vaadin1/android-json-0.0.20131108.vaadin1.jar:/home/kanpuriyaraheja/.m2/repository/org/springframework/spring-core/5.1.5.RELEASE/spring-core-5.1.5.RELEASE.jar:/home/kanpuriyaraheja/.m2/repository/org/springframework/spring-jcl/5.1.5.RELEASE/spring-jcl-5.1.5.RELEASE.jar:/home/kanpuriyaraheja/.m2/repository/org/springframework/spring-test/5.1.5.RELEASE/spring-test-5.1.5.RELEASE.jar:/home/kanpuriyaraheja/.m2/repository/org/xmlunit/xmlunit-core/2.6.2/xmlunit-core-2.6.2.jar:"/>
    <property name="java.vm.vendor" value="Private Build"/>
    <property name="sun.arch.data.model" value="64"/>
    <property name="java.vendor.url" value="http://java.oracle.com/"/>
    <property name="user.timezone" value=""/>
    <property name="java.vm.specification.version" value="1.8"/>
    <property name="os.name" value="Linux"/>
    <property name="user.country" value="IN"/>
    <property name="sun.java.launcher" value="SUN_STANDARD"/>
    <property name="sun.boot.library.path" value="/usr/lib/jvm/java-8-openjdk-amd64/jre/lib/amd64"/>
    <property name="sun.java.command" value="/home/kanpuriyaraheja/IdeaProjects/employeeManagement/target/surefire/surefirebooter185106111218601749.jar /home/kanpuriyaraheja/IdeaProjects/employeeManagement/target/surefire 2020-02-23T21-28-46_854-jvmRun1 surefire2684014342123902145tmp surefire_04954279258611710242tmp"/>
    <property name="surefire.test.class.path" value="/home/kanpuriyaraheja/IdeaProjects/employeeManagement/target/test-classes:/home/kanpuriyaraheja/IdeaProjects/employeeManagement/target/classes:/home/kanpuriyaraheja/.m2/repository/org/springframework/boot/spring-boot-starter-web/2.1.3.RELEASE/spring-boot-starter-web-2.1.3.RELEASE.jar:/home/kanpuriyaraheja/.m2/repository/org/springframework/boot/spring-boot-starter/2.1.3.RELEASE/spring-boot-starter-2.1.3.RELEASE.jar:/home/kanpuriyaraheja/.m2/repository/org/springframework/boot/spring-boot/2.1.3.RELEASE/spring-boot-2.1.3.RELEASE.jar:/home/kanpuriyaraheja/.m2/repository/org/springframework/boot/spring-boot-autoconfigure/2.1.3.RELEASE/spring-boot-autoconfigure-2.1.3.RELEASE.jar:/home/kanpuriyaraheja/.m2/repository/org/springframework/boot/spring-boot-starter-logging/2.1.3.RELEASE/spring-boot-starter-logging-2.1.3.RELEASE.jar:/home/kanpuriyaraheja/.m2/repository/ch/qos/logback/logback-classic/1.2.3/logback-classic-1.2.3.jar:/home/kanpuriyaraheja/.m2/repository/ch/qos/logback/logback-core/1.2.3/logback-core-1.2.3.jar:/home/kanpuriyaraheja/.m2/repository/org/apache/logging/log4j/log4j-to-slf4j/2.11.2/log4j-to-slf4j-2.11.2.jar:/home/kanpuriyaraheja/.m2/repository/org/apache/logging/log4j/log4j-api/2.11.2/log4j-api-2.11.2.jar:/home/kanpuriyaraheja/.m2/repository/org/slf4j/jul-to-slf4j/1.7.25/jul-to-slf4j-1.7.25.jar:/home/kanpuriyaraheja/.m2/repository/javax/annotation/javax.annotation-api/1.3.2/javax.annotation-api-1.3.2.jar:/home/kanpuriyaraheja/.m2/repository/org/yaml/snakeyaml/1.23/snakeyaml-1.23.jar:/home/kanpuriyaraheja/.m2/repository/org/springframework/boot/spring-boot-starter-json/2.1.3.RELEASE/spring-boot-starter-json-2.1.3.RELEASE.jar:/home/kanpuriyaraheja/.m2/repository/com/fasterxml/jackson/core/jackson-databind/2.9.8/jackson-databind-2.9.8.jar:/home/kanpuriyaraheja/.m2/repository/com/fasterxml/jackson/core/jackson-annotations/2.9.0/jackson-annotations-2.9.0.jar:/home/kanpuriyaraheja/.m2/repository/com/fasterxml/jackson/core/jackson-core/2.9.8/jackson-core-2.9.8.jar:/home/kanpuriyaraheja/.m2/repository/com/fasterxml/jackson/datatype/jackson-datatype-jdk8/2.9.8/jackson-datatype-jdk8-2.9.8.jar:/home/kanpuriyaraheja/.m2/repository/com/fasterxml/jackson/datatype/jackson-datatype-jsr310/2.9.8/jackson-datatype-jsr310-2.9.8.jar:/home/kanpuriyaraheja/.m2/repository/com/fasterxml/jackson/module/jackson-module-parameter-names/2.9.8/jackson-module-parameter-names-2.9.8.jar:/home/kanpuriyaraheja/.m2/repository/org/springframework/boot/spring-boot-starter-tomcat/2.1.3.RELEASE/spring-boot-starter-tomcat-2.1.3.RELEASE.jar:/home/kanpuriyaraheja/.m2/repository/org/apache/tomcat/embed/tomcat-embed-core/9.0.16/tomcat-embed-core-9.0.16.jar:/home/kanpuriyaraheja/.m2/repository/org/apache/tomcat/embed/tomcat-embed-el/9.0.16/tomcat-embed-el-9.0.16.jar:/home/kanpuriyaraheja/.m2/repository/org/apache/tomcat/embed/tomcat-embed-websocket/9.0.16/tomcat-embed-websocket-9.0.16.jar:/home/kanpuriyaraheja/.m2/repository/org/hibernate/validator/hibernate-validator/6.0.14.Final/hibernate-validator-6.0.14.Final.jar:/home/kanpuriyaraheja/.m2/repository/javax/validation/validation-api/2.0.1.Final/validation-api-2.0.1.Final.jar:/home/kanpuriyaraheja/.m2/repository/org/jboss/logging/jboss-logging/3.3.2.Final/jboss-logging-3.3.2.Final.jar:/home/kanpuriyaraheja/.m2/repository/com/fasterxml/classmate/1.4.0/classmate-1.4.0.jar:/home/kanpuriyaraheja/.m2/repository/org/springframework/spring-web/5.1.5.RELEASE/spring-web-5.1.5.RELEASE.jar:/home/kanpuriyaraheja/.m2/repository/org/springframework/spring-beans/5.1.5.RELEASE/spring-beans-5.1.5.RELEASE.jar:/home/kanpuriyaraheja/.m2/repository/org/springframework/spring-webmvc/5.1.5.RELEASE/spring-webmvc-5.1.5.RELEASE.jar:/home/kanpuriyaraheja/.m2/repository/org/springframework/spring-aop/5.1.5.RELEASE/spring-aop-5.1.5.RELEASE.jar:/home/kanpuriyaraheja/.m2/repository/org/springframework/spring-context/5.1.5.RELEASE/spring-context-5.1.5.RELEASE.jar:/home/kanpuriyaraheja/.m2/repository/org/springframework/spring-expression/5.1.5.RELEASE/spring-expression-5.1.5.RELEASE.jar:/home/kanpuriyaraheja/.m2/repository/io/github/resilience4j/resilience4j-spring-boot2/0.13.0/resilience4j-spring-boot2-0.13.0.jar:/home/kanpuriyaraheja/.m2/repository/io/vavr/vavr/0.9.2/vavr-0.9.2.jar:/home/kanpuriyaraheja/.m2/repository/io/vavr/vavr-match/0.9.2/vavr-match-0.9.2.jar:/home/kanpuriyaraheja/.m2/repository/org/slf4j/slf4j-api/1.7.25/slf4j-api-1.7.25.jar:/home/kanpuriyaraheja/.m2/repository/org/springframework/boot/spring-boot-starter-aop/2.1.3.RELEASE/spring-boot-starter-aop-2.1.3.RELEASE.jar:/home/kanpuriyaraheja/.m2/repository/org/aspectj/aspectjweaver/1.9.2/aspectjweaver-1.9.2.jar:/home/kanpuriyaraheja/.m2/repository/io/github/resilience4j/resilience4j-annotations/0.13.0/resilience4j-annotations-0.13.0.jar:/home/kanpuriyaraheja/.m2/repository/io/github/resilience4j/resilience4j-spring/0.13.0/resilience4j-spring-0.13.0.jar:/home/kanpuriyaraheja/.m2/repository/org/aspectj/aspectjrt/1.9.2/aspectjrt-1.9.2.jar:/home/kanpuriyaraheja/.m2/repository/io/github/resilience4j/resilience4j-micrometer/0.13.0/resilience4j-micrometer-0.13.0.jar:/home/kanpuriyaraheja/.m2/repository/io/github/resilience4j/resilience4j-ratelimiter/0.13.0/resilience4j-ratelimiter-0.13.0.jar:/home/kanpuriyaraheja/.m2/repository/io/github/resilience4j/resilience4j-consumer/0.13.0/resilience4j-consumer-0.13.0.jar:/home/kanpuriyaraheja/.m2/repository/io/github/resilience4j/resilience4j-circularbuffer/0.13.0/resilience4j-circularbuffer-0.13.0.jar:/home/kanpuriyaraheja/.m2/repository/io/github/resilience4j/resilience4j-circuitbreaker/0.13.0/resilience4j-circuitbreaker-0.13.0.jar:/home/kanpuriyaraheja/.m2/repository/io/github/resilience4j/resilience4j-core/0.13.0/resilience4j-core-0.13.0.jar:/home/kanpuriyaraheja/.m2/repository/org/springframework/boot/spring-boot-starter-actuator/2.1.3.RELEASE/spring-boot-starter-actuator-2.1.3.RELEASE.jar:/home/kanpuriyaraheja/.m2/repository/org/springframework/boot/spring-boot-actuator-autoconfigure/2.1.3.RELEASE/spring-boot-actuator-autoconfigure-2.1.3.RELEASE.jar:/home/kanpuriyaraheja/.m2/repository/org/springframework/boot/spring-boot-actuator/2.1.3.RELEASE/spring-boot-actuator-2.1.3.RELEASE.jar:/home/kanpuriyaraheja/.m2/repository/io/micrometer/micrometer-core/1.1.3/micrometer-core-1.1.3.jar:/home/kanpuriyaraheja/.m2/repository/org/hdrhistogram/HdrHistogram/2.1.9/HdrHistogram-2.1.9.jar:/home/kanpuriyaraheja/.m2/repository/org/latencyutils/LatencyUtils/2.0.3/LatencyUtils-2.0.3.jar:/home/kanpuriyaraheja/.m2/repository/org/springframework/boot/spring-boot-starter-test/2.1.3.RELEASE/spring-boot-starter-test-2.1.3.RELEASE.jar:/home/kanpuriyaraheja/.m2/repository/org/springframework/boot/spring-boot-test/2.1.3.RELEASE/spring-boot-test-2.1.3.RELEASE.jar:/home/kanpuriyaraheja/.m2/repository/org/springframework/boot/spring-boot-test-autoconfigure/2.1.3.RELEASE/spring-boot-test-autoconfigure-2.1.3.RELEASE.jar:/home/kanpuriyaraheja/.m2/repository/com/jayway/jsonpath/json-path/2.4.0/json-path-2.4.0.jar:/home/kanpuriyaraheja/.m2/repository/net/minidev/json-smart/2.3/json-smart-2.3.jar:/home/kanpuriyaraheja/.m2/repository/net/minidev/accessors-smart/1.2/accessors-smart-1.2.jar:/home/kanpuriyaraheja/.m2/repository/org/ow2/asm/asm/5.0.4/asm-5.0.4.jar:/home/kanpuriyaraheja/.m2/repository/junit/junit/4.12/junit-4.12.jar:/home/kanpuriyaraheja/.m2/repository/org/assertj/assertj-core/3.11.1/assertj-core-3.11.1.jar:/home/kanpuriyaraheja/.m2/repository/org/mockito/mockito-core/2.23.4/mockito-core-2.23.4.jar:/home/kanpuriyaraheja/.m2/repository/net/bytebuddy/byte-buddy/1.9.10/byte-buddy-1.9.10.jar:/home/kanpuriyaraheja/.m2/repository/net/bytebuddy/byte-buddy-agent/1.9.10/byte-buddy-agent-1.9.10.jar:/home/kanpuriyaraheja/.m2/repository/org/objenesis/objenesis/2.6/objenesis-2.6.jar:/home/kanpuriyaraheja/.m2/repository/org/hamcrest/hamcrest-core/1.3/hamcrest-core-1.3.jar:/home/kanpuriyaraheja/.m2/repository/org/hamcrest/hamcrest-library/1.3/hamcrest-library-1.3.jar:/home/kanpuriyaraheja/.m2/repository/org/skyscreamer/jsonassert/1.5.0/jsonassert-1.5.0.jar:/home/kanpuriyaraheja/.m2/repository/com/vaadin/external/google/android-json/0.0.20131108.vaadin1/android-json-0.0.20131108.vaadin1.jar:/home/kanpuriyaraheja/.m2/repository/org/springframework/spring-core/5.1.5.RELEASE/spring-core-5.1.5.RELEASE.jar:/home/kanpuriyaraheja/.m2/repository/org/springframework/spring-jcl/5.1.5.RELEASE/spring-jcl-5.1.5.RELEASE.jar:/home/kanpuriyaraheja/.m2/repository/org/springframework/spring-test/5.1.5.RELEASE/spring-test-5.1.5.RELEASE.jar:/home/kanpuriyaraheja/.m2/repository/org/xmlunit/xmlunit-core/2.6.2/xmlunit-core-2.6.2.jar:"/>
    <property name="sun.cpu.endian" value="little"/>
    <property name="user.home" value="/home/kanpuriyaraheja"/>
    <property name="user.language" value="en"/>
    <property name="java.specification.vendor" value="Oracle Corporation"/>
    <property name="java.home" value="/usr/lib/jvm/java-8-openjdk-amd64/jre"/>
    <property name="basedir" value="/home/kanpuriyaraheja/IdeaProjects/employeeManagement"/>
    <property name="file.separator" value="/"/>
    <property name="line.separator" value="&#10;"/>
    <property name="java.vm.specification.vendor" value="Oracle Corporation"/>
    <property name="java.specification.name" value="Java Platform API Specification"/>
    <property name="java.awt.graphicsenv" value="sun.awt.X11GraphicsEnvironment"/>
    <property name="surefire.real.class.path" value="/home/kanpuriyaraheja/IdeaProjects/employeeManagement/target/surefire/surefirebooter185106111218601749.jar"/>
    <property name="sun.boot.class.path" value="/usr/lib/jvm/java-8-openjdk-amd64/jre/lib/resources.jar:/usr/lib/jvm/java-8-openjdk-amd64/jre/lib/rt.jar:/usr/lib/jvm/java-8-openjdk-amd64/jre/lib/sunrsasign.jar:/usr/lib/jvm/java-8-openjdk-amd64/jre/lib/jsse.jar:/usr/lib/jvm/java-8-openjdk-amd64/jre/lib/jce.jar:/usr/lib/jvm/java-8-openjdk-amd64/jre/lib/charsets.jar:/usr/lib/jvm/java-8-openjdk-amd64/jre/lib/jfr.jar:/usr/lib/jvm/java-8-openjdk-amd64/jre/classes"/>
    <property name="sun.management.compiler" value="HotSpot 64-Bit Tiered Compilers"/>
    <property name="java.runtime.version" value="1.8.0_242-8u242-b08-0ubuntu3~16.04-b08"/>
    <property name="user.name" value="kanpuriyaraheja"/>
    <property name="path.separator" value=":"/>
    <property name="os.version" value="4.15.0-74-generic"/>
    <property name="java.endorsed.dirs" value="/usr/lib/jvm/java-8-openjdk-amd64/jre/lib/endorsed"/>
    <property name="java.runtime.name" value="OpenJDK Runtime Environment"/>
    <property name="file.encoding" value="UTF-8"/>
    <property name="java.vm.name" value="OpenJDK 64-Bit Server VM"/>
    <property name="localRepository" value="/home/kanpuriyaraheja/.m2/repository"/>
    <property name="java.vendor.url.bug" value="http://bugreport.sun.com/bugreport/"/>
    <property name="java.io.tmpdir" value="/tmp"/>
    <property name="java.version" value="1.8.0_242"/>
    <property name="user.dir" value="/home/kanpuriyaraheja/IdeaProjects/employeeManagement"/>
    <property name="os.arch" value="amd64"/>
    <property name="java.vm.specification.name" value="Java Virtual Machine Specification"/>
    <property name="SkipTest" value="true"/>
    <property name="java.awt.printerjob" value="sun.print.PSPrinterJob"/>
    <property name="sun.os.patch.level" value="unknown"/>
    <property name="java.library.path" value="/usr/java/packages/lib/amd64:/usr/lib/x86_64-linux-gnu/jni:/lib/x86_64-linux-gnu:/usr/lib/x86_64-linux-gnu:/usr/lib/jni:/lib:/usr/lib"/>
    <property name="java.vm.info" value="mixed mode"/>
    <property name="java.vendor" value="Private Build"/>
    <property name="java.vm.version" value="25.242-b08"/>
    <property name="java.ext.dirs" value="/usr/lib/jvm/java-8-openjdk-amd64/jre/lib/ext:/usr/java/packages/lib/ext"/>
    <property name="sun.io.unicode.encoding" value="UnicodeLittle"/>
    <property name="java.class.version" value="52.0"/>
  </properties>
  <testcase name="initializationError" classname="com.paytm.sample.SampleApplicationTests" time="0.005">
    <error message="The class com.paytm.sample.SampleApplicationTests is not public." type="java.lang.Exception">java.lang.Exception: The class com.paytm.sample.SampleApplicationTests is not public.
</error>
  </testcase>
  <testcase name="initializationError" classname="com.paytm.sample.SampleApplicationTests" time="0">
    <error message="Test class should have exactly one public constructor" type="java.lang.Exception">java.lang.Exception: Test class should have exactly one public constructor
</error>
  </testcase>
  <testcase name="initializationError" classname="com.paytm.sample.SampleApplicationTests" time="0">
    <error message="Method contextLoads() should be public" type="java.lang.Exception">java.lang.Exception: Method contextLoads() should be public
</error>
  </testcase>
</testsuite>